<?xml version="1.0" encoding="UTF-8" ?>
<testsuite tests="12" failures="0" name="cucumber.Options.TestRunner" time="11.117" errors="0" skipped="0">
  <properties>
[...]
</properties>
  <testcase classname="Verify if place is successfully added using AddPlaceAPI" name="Add Place Payload &quot;AAhouse&quot; &quot;English&quot; &quot;World class centre&quot;" time="0.694"/>
  <testcase classname="Verify if place is successfully added using AddPlaceAPI" name="User calls &quot;AddPlaceAPI&quot; with &quot;Post&quot; http request" time="2.319"/>
  <testcase classname="Verify if place is successfully added using AddPlaceAPI" name="the API call is successful with success code 200" time="0.001"/>
  <testcase classname="Verify if place is successfully added using AddPlaceAPI" name="&quot;status&quot; in response body is &quot;OK&quot;" time="0.358"/>
  <testcase classname="Verify if place is successfully added using AddPlaceAPI" name="&quot;scope&quot; in response body is &quot;APP&quot;" time="0.008"/>
  <testcase classname="Verify if place is successfully added using AddPlaceAPI" name="verify if the place_id created maps to &quot;AAhouse&quot; using &quot;getPlaceAPI&quot;" time="2.469"/>
  <testcase classname="Verify if place is successfully added using AddPlaceAPI" name="Verify if place is successfully added using AddPlaceAPI" time="2.471"/>
  <testcase classname="Verify delete place functionality is working" name="Delete Place Payload" time="0.002"/>
  <testcase classname="Verify delete place functionality is working" name="User calls &quot;deletePlaceAPI&quot; with &quot;Post&quot; http request" time="2.763"/>
  <testcase classname="Verify delete place functionality is working" name="the API call is successful with success code 200" time="0"/>
  <testcase classname="Verify delete place functionality is working" name="&quot;status&quot; in response body is &quot;OK&quot;" time="0.016"/>
  <testcase classname="Verify delete place functionality is working" name="Verify delete place functionality is working" time="0.016"/>
</testsuite>